#
# There is insufficient memory for the Java Runtime Environment to continue.
# Native memory allocation (malloc) failed to allocate 1193056 bytes for Chunk::new
# Possible reasons:
#   The system is out of physical RAM or swap space
#   The process is running with CompressedOops enabled, and the Java Heap may be blocking the growth of the native heap
# Possible solutions:
#   Reduce memory load on the system
#   Increase physical memory or swap space
#   Check if swap backing store is full
#   Decrease Java heap size (-Xmx/-Xms)
#   Decrease number of Java threads
#   Decrease Java thread stack sizes (-Xss)
#   Set larger code cache with -XX:ReservedCodeCacheSize=
#   JVM is running with Zero Based Compressed Oops mode in which the Java heap is
#     placed in the first 32GB address space. The Java Heap base address is the
#     maximum limit for the native heap growth. Please use -XX:HeapBaseMinAddress
#     to set the Java Heap base and to place the Java Heap above 32GB virtual address.
# This output file may be truncated or incomplete.
#
#  Out of Memory Error (allocation.cpp:389), pid=10396, tid=0x000000000000258c
#
# JRE version: OpenJDK Runtime Environment (8.0_302-b08) (build 1.8.0_302-b08)
# Java VM: OpenJDK 64-Bit Server VM (25.302-b08 mixed mode windows-amd64 compressed oops)
# Failed to write core dump. Minidumps are not enabled by default on client versions of Windows
#

---------------  T H R E A D  ---------------

Current thread (0x00000204b6b67800):  JavaThread "C2 CompilerThread0" daemon [_thread_in_native, id=9612, stack(0x00000073c2b00000,0x00000073c2c00000)]

Stack: [0x00000073c2b00000,0x00000073c2c00000]
[error occurred during error reporting (printing stack bounds), id 0xc0000005]

Native frames: (J=compiled Java code, j=interpreted, Vv=VM code, C=native code)


Current CompileTask:
C2:   5376 3734   !   4       org.springframework.core.annotation.AnnotationsScanner::processMethodHierarchy (276 bytes)


---------------  P R O C E S S  ---------------

Java Threads: ( => current thread )
  0x00000204bcf73000 JavaThread "container-0" [_thread_blocked, id=9984, stack(0x00000073c3600000,0x00000073c3700000)]
  0x00000204b7b77000 JavaThread "Catalina-utility-2" [_thread_blocked, id=10112, stack(0x00000073c3500000,0x00000073c3600000)]
  0x00000204bacfe000 JavaThread "Catalina-utility-1" [_thread_blocked, id=14408, stack(0x00000073c3400000,0x00000073c3500000)]
  0x00000204bcc4c800 JavaThread "HikariPool-1 connection adder" daemon [_thread_blocked, id=12768, stack(0x00000073c3300000,0x00000073c3400000)]
  0x00000204bb08a000 JavaThread "HikariPool-1 housekeeper" daemon [_thread_blocked, id=9844, stack(0x00000073c3200000,0x00000073c3300000)]
  0x00000204b8520800 JavaThread "restartedMain" [_thread_in_vm, id=7540, stack(0x00000073c3100000,0x00000073c3200000)]
  0x00000204b851b000 JavaThread "Thread-0" [_thread_blocked, id=18580, stack(0x00000073c3000000,0x00000073c3100000)]
  0x00000204b6ba7800 JavaThread "Service Thread" daemon [_thread_blocked, id=11360, stack(0x00000073c2e00000,0x00000073c2f00000)]
  0x00000204b6b64000 JavaThread "C1 CompilerThread2" daemon [_thread_blocked, id=6756, stack(0x00000073c2d00000,0x00000073c2e00000)]
  0x00000204b6b61800 JavaThread "C2 CompilerThread1" daemon [_thread_in_native, id=14980, stack(0x00000073c2c00000,0x00000073c2d00000)]
=>0x00000204b6b67800 JavaThread "C2 CompilerThread0" daemon [_thread_in_native, id=9612, stack(0x00000073c2b00000,0x00000073c2c00000)]
  0x00000204b6b53800 JavaThread "Attach Listener" daemon [_thread_blocked, id=11976, stack(0x00000073c2a00000,0x00000073c2b00000)]
  0x00000204b6b50800 JavaThread "Signal Dispatcher" daemon [_thread_blocked, id=19488, stack(0x00000073c2900000,0x00000073c2a00000)]
  0x00000204b618a800 JavaThread "Finalizer" daemon [_thread_blocked, id=12256, stack(0x00000073c2800000,0x00000073c2900000)]
  0x00000204b6b28000 JavaThread "Reference Handler" daemon [_thread_blocked, id=4792, stack(0x00000073c2700000,0x00000073c2800000)]
  0x000002049b746000 JavaThread "main" [_thread_blocked, id=10360, stack(0x00000073c1f00000,0x00000073c2000000)]

Other Threads:
  0x00000204b6b04800 VMThread [stack: 0x00000073c2600000,0x00000073c2700000] [id=3896]
  0x00000204b6ba9800 WatcherThread [stack: 0x00000073c2f00000,0x00000073c3000000] [id=16648]

VM state:not at safepoint (normal execution)

VM Mutex/Monitor currently owned by a thread: None

heap address: 0x00000006c2400000, size: 4060 MB, Compressed Oops mode: Zero based, Oop shift amount: 3
Narrow klass base: 0x0000000000000000, Narrow klass shift: 3
Compressed class space size: 1073741824 Address: 0x00000007c0000000

Heap:
 PSYoungGen      total 133120K, used 35789K [0x000000076b700000, 0x0000000774780000, 0x00000007c0000000)
  eden space 122368K, 20% used [0x000000076b700000,0x000000076cf737b0,0x0000000772e80000)
  from space 10752K, 99% used [0x0000000773200000,0x0000000773c7fe50,0x0000000773c80000)
  to   space 11264K, 0% used [0x0000000773c80000,0x0000000773c80000,0x0000000774780000)
 ParOldGen       total 109568K, used 20343K [0x00000006c2400000, 0x00000006c8f00000, 0x000000076b700000)
  object space 109568K, 18% used [0x00000006c2400000,0x00000006c37ddf88,0x00000006c8f00000)
 Metaspace       used 51109K, capacity 54066K, committed 54400K, reserved 1095680K
  class space    used 6961K, capacity 7463K, committed 7552K, reserved 1048576K

Card table byte_map: [0x00000204ac480000,0x00000204acc70000] byte_map_base: 0x00000204a8e6e000

Marking Bits: (ParMarkBitMap*) 0x0000000076c7c820
 Begin Bits: [0x00000204ad1c0000, 0x00000204b1130000)
 End Bits:   [0x00000204b1130000, 0x00000204b50a0000)

Polling page: 0x000002049b880000

CodeCache: size=245760Kb used=14616Kb max_used=14616Kb free=231143Kb
 bounds [0x000002049d0c0000, 0x000002049df10000, 0x00000204ac0c0000]
 total_blobs=4268 nmethods=3760 adapters=420
 compilation: enabled

Compilation events (10 events):
Event: 5.354 Thread 0x00000204b6b64000 3792       3       org.springframework.data.util.Lazy::<init> (20 bytes)
Event: 5.354 Thread 0x00000204b6b64000 nmethod 3792 0x000002049df0b4d0 code [0x000002049df0b620, 0x000002049df0b818]
Event: 5.354 Thread 0x00000204b6b64000 3793       3       org.springframework.data.util.Lazy::<init> (8 bytes)
Event: 5.354 Thread 0x00000204b6b64000 nmethod 3793 0x000002049df0b8d0 code [0x000002049df0ba40, 0x000002049df0bc98]
Event: 5.354 Thread 0x00000204b6b64000 3794       3       org.springframework.data.util.Lazy::of (9 bytes)
Event: 5.354 Thread 0x00000204b6b64000 nmethod 3794 0x000002049df0bd90 code [0x000002049df0bf00, 0x000002049df0c1d8]
Event: 5.355 Thread 0x00000204b6b64000 3795       3       java.lang.invoke.MethodHandles::constant (87 bytes)
Event: 5.355 Thread 0x00000204b6b64000 nmethod 3795 0x000002049df0c310 code [0x000002049df0c5c0, 0x000002049df0d7d0]
Event: 5.355 Thread 0x00000204b6b64000 3796       3       java.util.Spliterators$ArraySpliterator::<init> (33 bytes)
Event: 5.356 Thread 0x00000204b6b64000 nmethod 3796 0x000002049df0df90 code [0x000002049df0e0e0, 0x000002049df0e2d8]

GC Heap History (10 events):
Event: 2.516 GC heap before
{Heap before GC invocations=5 (full 1):
 PSYoungGen      total 75776K, used 65024K [0x000000076b700000, 0x0000000774b00000, 0x00000007c0000000)
  eden space 65024K, 100% used [0x000000076b700000,0x000000076f680000,0x000000076f680000)
  from space 10752K, 0% used [0x000000076f680000,0x000000076f680000,0x0000000770100000)
  to   space 10752K, 0% used [0x0000000774080000,0x0000000774080000,0x0000000774b00000)
 ParOldGen       total 109568K, used 6049K [0x00000006c2400000, 0x00000006c8f00000, 0x000000076b700000)
  object space 109568K, 5% used [0x00000006c2400000,0x00000006c29e84b8,0x00000006c8f00000)
 Metaspace       used 23821K, capacity 25162K, committed 25344K, reserved 1071104K
  class space    used 3012K, capacity 3283K, committed 3328K, reserved 1048576K
Event: 2.520 GC heap after
Heap after GC invocations=5 (full 1):
 PSYoungGen      total 96768K, used 6632K [0x000000076b700000, 0x0000000774700000, 0x00000007c0000000)
  eden space 90112K, 0% used [0x000000076b700000,0x000000076b700000,0x0000000770f00000)
  from space 6656K, 99% used [0x0000000774080000,0x00000007746fa320,0x0000000774700000)
  to   space 10752K, 0% used [0x0000000773200000,0x0000000773200000,0x0000000773c80000)
 ParOldGen       total 109568K, used 6057K [0x00000006c2400000, 0x00000006c8f00000, 0x000000076b700000)
  object space 109568K, 5% used [0x00000006c2400000,0x00000006c29ea4b8,0x00000006c8f00000)
 Metaspace       used 23821K, capacity 25162K, committed 25344K, reserved 1071104K
  class space    used 3012K, capacity 3283K, committed 3328K, reserved 1048576K
}
Event: 3.284 GC heap before
{Heap before GC invocations=6 (full 1):
 PSYoungGen      total 96768K, used 96712K [0x000000076b700000, 0x0000000774700000, 0x00000007c0000000)
  eden space 90112K, 99% used [0x000000076b700000,0x0000000770ef7e70,0x0000000770f00000)
  from space 6656K, 99% used [0x0000000774080000,0x00000007746fa320,0x0000000774700000)
  to   space 10752K, 0% used [0x0000000773200000,0x0000000773200000,0x0000000773c80000)
 ParOldGen       total 109568K, used 6057K [0x00000006c2400000, 0x00000006c8f00000, 0x000000076b700000)
  object space 109568K, 5% used [0x00000006c2400000,0x00000006c29ea4b8,0x00000006c8f00000)
 Metaspace       used 29659K, capacity 31736K, committed 31872K, reserved 1077248K
  class space    used 3825K, capacity 4190K, committed 4224K, reserved 1048576K
Event: 3.290 GC heap after
Heap after GC invocations=6 (full 1):
 PSYoungGen      total 133120K, used 10405K [0x000000076b700000, 0x0000000774780000, 0x00000007c0000000)
  eden space 122368K, 0% used [0x000000076b700000,0x000000076b700000,0x0000000772e80000)
  from space 10752K, 96% used [0x0000000773200000,0x0000000773c29700,0x0000000773c80000)
  to   space 11264K, 0% used [0x0000000773c80000,0x0000000773c80000,0x0000000774780000)
 ParOldGen       total 109568K, used 6065K [0x00000006c2400000, 0x00000006c8f00000, 0x000000076b700000)
  object space 109568K, 5% used [0x00000006c2400000,0x00000006c29ec4b8,0x00000006c8f00000)
 Metaspace       used 29659K, capacity 31736K, committed 31872K, reserved 1077248K
  class space    used 3825K, capacity 4190K, committed 4224K, reserved 1048576K
}
Event: 3.615 GC heap before
{Heap before GC invocations=7 (full 1):
 PSYoungGen      total 133120K, used 55571K [0x000000076b700000, 0x0000000774780000, 0x00000007c0000000)
  eden space 122368K, 36% used [0x000000076b700000,0x000000076e31b7f0,0x0000000772e80000)
  from space 10752K, 96% used [0x0000000773200000,0x0000000773c29700,0x0000000773c80000)
  to   space 11264K, 0% used [0x0000000773c80000,0x0000000773c80000,0x0000000774780000)
 ParOldGen       total 109568K, used 6065K [0x00000006c2400000, 0x00000006c8f00000, 0x000000076b700000)
  object space 109568K, 5% used [0x00000006c2400000,0x00000006c29ec4b8,0x00000006c8f00000)
 Metaspace       used 33099K, capacity 35274K, committed 35416K, reserved 1081344K
  class space    used 4210K, capacity 4581K, committed 4608K, reserved 1048576K
Event: 3.622 GC heap after
Heap after GC invocations=7 (full 1):
 PSYoungGen      total 133632K, used 10605K [0x000000076b700000, 0x0000000774780000, 0x00000007c0000000)
  eden space 122368K, 0% used [0x000000076b700000,0x000000076b700000,0x0000000772e80000)
  from space 11264K, 94% used [0x0000000773c80000,0x00000007746db758,0x0000000774780000)
  to   space 10752K, 0% used [0x0000000773200000,0x0000000773200000,0x0000000773c80000)
 ParOldGen       total 109568K, used 6073K [0x00000006c2400000, 0x00000006c8f00000, 0x000000076b700000)
  object space 109568K, 5% used [0x00000006c2400000,0x00000006c29ee4b8,0x00000006c8f00000)
 Metaspace       used 33099K, capacity 35274K, committed 35416K, reserved 1081344K
  class space    used 4210K, capacity 4581K, committed 4608K, reserved 1048576K
}
Event: 3.622 GC heap before
{Heap before GC invocations=8 (full 2):
 PSYoungGen      total 133632K, used 10605K [0x000000076b700000, 0x0000000774780000, 0x00000007c0000000)
  eden space 122368K, 0% used [0x000000076b700000,0x000000076b700000,0x0000000772e80000)
  from space 11264K, 94% used [0x0000000773c80000,0x00000007746db758,0x0000000774780000)
  to   space 10752K, 0% used [0x0000000773200000,0x0000000773200000,0x0000000773c80000)
 ParOldGen       total 109568K, used 6073K [0x00000006c2400000, 0x00000006c8f00000, 0x000000076b700000)
  object space 109568K, 5% used [0x00000006c2400000,0x00000006c29ee4b8,0x00000006c8f00000)
 Metaspace       used 33099K, capacity 35274K, committed 35416K, reserved 1081344K
  class space    used 4210K, capacity 4581K, committed 4608K, reserved 1048576K
Event: 3.658 GC heap after
Heap after GC invocations=8 (full 2):
 PSYoungGen      total 133632K, used 0K [0x000000076b700000, 0x0000000774780000, 0x00000007c0000000)
  eden space 122368K, 0% used [0x000000076b700000,0x000000076b700000,0x0000000772e80000)
  from space 11264K, 0% used [0x0000000773c80000,0x0000000773c80000,0x0000000774780000)
  to   space 10752K, 0% used [0x0000000773200000,0x0000000773200000,0x0000000773c80000)
 ParOldGen       total 109568K, used 14816K [0x00000006c2400000, 0x00000006c8f00000, 0x000000076b700000)
  object space 109568K, 13% used [0x00000006c2400000,0x00000006c3278218,0x00000006c8f00000)
 Metaspace       used 33099K, capacity 35274K, committed 35416K, reserved 1081344K
  class space    used 4210K, capacity 4581K, committed 4608K, reserved 1048576K
}
Event: 5.142 GC heap before
{Heap before GC invocations=9 (full 2):
 PSYoungGen      total 133632K, used 122368K [0x000000076b700000, 0x0000000774780000, 0x00000007c0000000)
  eden space 122368K, 100% used [0x000000076b700000,0x0000000772e80000,0x0000000772e80000)
  from space 11264K, 0% used [0x0000000773c80000,0x0000000773c80000,0x0000000774780000)
  to   space 10752K, 0% used [0x0000000773200000,0x0000000773200000,0x0000000773c80000)
 ParOldGen       total 109568K, used 14816K [0x00000006c2400000, 0x00000006c8f00000, 0x000000076b700000)
  object space 109568K, 13% used [0x00000006c2400000,0x00000006c3278218,0x00000006c8f00000)
 Metaspace       used 48982K, capacity 51606K, committed 51712K, reserved 1093632K
  class space    used 6680K, capacity 7113K, committed 7168K, reserved 1048576K
Event: 5.152 GC heap after
Heap after GC invocations=9 (full 2):
 PSYoungGen      total 133120K, used 10751K [0x000000076b700000, 0x0000000774780000, 0x00000007c0000000)
  eden space 122368K, 0% used [0x000000076b700000,0x000000076b700000,0x0000000772e80000)
  from space 10752K, 99% used [0x0000000773200000,0x0000000773c7fe50,0x0000000773c80000)
  to   space 11264K, 0% used [0x0000000773c80000,0x0000000773c80000,0x0000000774780000)
 ParOldGen       total 109568K, used 20343K [0x00000006c2400000, 0x00000006c8f00000, 0x000000076b700000)
  object space 109568K, 18% used [0x00000006c2400000,0x00000006c37ddf88,0x00000006c8f00000)
 Metaspace       used 48982K, capacity 51606K, committed 51712K, reserved 1093632K
  class space    used 6680K, capacity 7113K, committed 7168K, reserved 1048576K
}

Deoptimization events (10 events):
Event: 5.139 Thread 0x00000204b8520800 Uncommon trap: reason=unstable_if action=reinterpret pc=0x000002049dcabd3c method=org.springframework.core.annotation.TypeMappedAnnotations.scan(Ljava/lang/Object;Lorg/springframework/core/annotation/AnnotationsProcessor;)Ljava/lang/Object; @ 4
Event: 5.139 Thread 0x00000204b8520800 Uncommon trap: reason=class_check action=maybe_recompile pc=0x000002049dd7fc3c method=org.springframework.beans.factory.support.AbstractBeanFactory.isTypeMatch(Ljava/lang/String;Lorg/springframework/core/ResolvableType;Z)Z @ 53
Event: 5.162 Thread 0x00000204b8520800 Uncommon trap: reason=class_check action=maybe_recompile pc=0x000002049dd7fc3c method=org.springframework.beans.factory.support.AbstractBeanFactory.isTypeMatch(Ljava/lang/String;Lorg/springframework/core/ResolvableType;Z)Z @ 53
Event: 5.163 Thread 0x00000204b8520800 Uncommon trap: reason=unstable_if action=reinterpret pc=0x000002049ddc7be8 method=org.springframework.core.annotation.TypeMappedAnnotations$MergedAnnotationFinder.doWithAnnotations(Ljava/lang/Object;ILjava/lang/Object;[Ljava/lang/annotation/Annotation;)Lo
Event: 5.163 Thread 0x00000204b8520800 Uncommon trap: reason=class_check action=maybe_recompile pc=0x000002049dd7fc3c method=org.springframework.beans.factory.support.AbstractBeanFactory.isTypeMatch(Ljava/lang/String;Lorg/springframework/core/ResolvableType;Z)Z @ 53
Event: 5.163 Thread 0x00000204b8520800 Uncommon trap: reason=unstable_if action=reinterpret pc=0x000002049d887524 method=org.springframework.beans.factory.support.AbstractAutowireCapableBeanFactory.determineTargetType(Ljava/lang/String;Lorg/springframework/beans/factory/support/RootBeanDefinit
Event: 5.200 Thread 0x00000204b8520800 Uncommon trap: reason=unstable_if action=reinterpret pc=0x000002049dec8bc4 method=java.lang.reflect.Proxy.isProxyClass(Ljava/lang/Class;)Z @ 6
Event: 5.207 Thread 0x00000204b8520800 Uncommon trap: reason=unstable_if action=reinterpret pc=0x000002049dbc9c2c method=java.util.concurrent.ConcurrentHashMap.putVal(Ljava/lang/Object;Ljava/lang/Object;Z)Ljava/lang/Object; @ 331
Event: 5.218 Thread 0x00000204b8520800 Uncommon trap: reason=class_check action=maybe_recompile pc=0x000002049dd7fc3c method=org.springframework.beans.factory.support.AbstractBeanFactory.isTypeMatch(Ljava/lang/String;Lorg/springframework/core/ResolvableType;Z)Z @ 53
Event: 5.320 Thread 0x00000204b8520800 Uncommon trap: reason=unstable_if action=reinterpret pc=0x000002049db05d34 method=org.springframework.util.ConcurrentReferenceHashMap$Segment.restructureIfNecessary(Z)V @ 41

Classes redefined (0 events):
No events

Internal exceptions (10 events):
Event: 5.330 Thread 0x00000204b8520800 Exception <a 'java/lang/ClassNotFoundException': java/lang/ObjectCustomizer> (0x000000076ca81510) thrown at [J:\jenkins\tmp\workspace\build\src\hotspot\src\share\vm\classfile\systemDictionary.cpp, line 217]
Event: 5.330 Thread 0x00000204b8520800 Exception <a 'java/lang/ClassNotFoundException': com/michael/exercises/employee/EmployeeCustomizer> (0x000000076ca998b0) thrown at [J:\jenkins\tmp\workspace\build\src\hotspot\src\share\vm\classfile\systemDictionary.cpp, line 217]
Event: 5.334 Thread 0x00000204b8520800 Exception <a 'java/lang/NoSuchMethodError': java.lang.Object.lambda$of$0([Ljava/lang/Object;)Ljava/util/Iterator;> (0x000000076cafd3e0) thrown at [J:\jenkins\tmp\workspace\build\src\hotspot\src\share\vm\interpreter\linkResolver.cpp, line 620]
Event: 5.342 Thread 0x00000204b8520800 Exception <a 'java/lang/NoSuchMethodError': java.lang.Object.lambda$toStream$0(Ljava/util/Optional;)Ljava/util/stream/Stream;> (0x000000076cbbcdd0) thrown at [J:\jenkins\tmp\workspace\build\src\hotspot\src\share\vm\interpreter\linkResolver.cpp, line 620]
Event: 5.342 Thread 0x00000204b8520800 Exception <a 'java/lang/NoSuchMethodError': java.lang.Object.of(Ljava/lang/Object;)Ljava/util/stream/Stream;> (0x000000076cbc3808) thrown at [J:\jenkins\tmp\workspace\build\src\hotspot\src\share\vm\interpreter\linkResolver.cpp, line 620]
Event: 5.342 Thread 0x00000204b8520800 Exception <a 'java/lang/NoSuchMethodError': java.lang.Object.empty()Ljava/util/stream/Stream;> (0x000000076cbc65f0) thrown at [J:\jenkins\tmp\workspace\build\src\hotspot\src\share\vm\interpreter\linkResolver.cpp, line 620]
Event: 5.343 Thread 0x00000204b8520800 Exception <a 'java/lang/NoSuchMethodError': java.lang.Object.fromNullable(Ljava/lang/Object;)Ljava/util/stream/Stream;> (0x000000076cbd7e98) thrown at [J:\jenkins\tmp\workspace\build\src\hotspot\src\share\vm\interpreter\linkResolver.cpp, line 620]
Event: 5.355 Thread 0x00000204b8520800 Exception <a 'java/lang/NoSuchMethodError': java.lang.Object.lambda$direct$0(Lorg/springframework/data/repository/core/support/MethodLookup$InvokedMethod;Ljava/lang/reflect/Method;)Z> (0x000000076ccc8890) thrown at [J:\jenkins\tmp\workspace\build\src\hots
Event: 5.355 Thread 0x00000204b8520800 Exception <a 'java/lang/NoSuchMethodError': java.lang.Object.lambda$direct$1(Lorg/springframework/data/repository/core/support/MethodLookup$MethodPredicate;)Ljava/util/List;> (0x000000076cccb7f0) thrown at [J:\jenkins\tmp\workspace\build\src\hotspot\src\s
Event: 5.356 Thread 0x00000204b8520800 Exception <a 'java/lang/NoSuchMethodError': java.lang.Object.lambda$and$0(Lorg/springframework/data/repository/core/support/MethodLookup;)Ljava/util/List;> (0x000000076ccdf920) thrown at [J:\jenkins\tmp\workspace\build\src\hotspot\src\share\vm\interpreter

Events (10 events):
Event: 5.358 loading class org/springframework/aop/framework/AopProxy
Event: 5.358 loading class org/springframework/aop/framework/AopProxy done
Event: 5.358 loading class org/springframework/data/jpa/repository/support/CrudMethodMetadata
Event: 5.358 loading class org/springframework/data/jpa/repository/support/CrudMethodMetadata done
Event: 5.358 loading class org/springframework/data/jpa/repository/support/CrudMethodMetadataPostProcessor$ThreadBoundTargetSource
Event: 5.358 loading class org/springframework/data/jpa/repository/support/CrudMethodMetadataPostProcessor$ThreadBoundTargetSource done
Event: 5.359 loading class org/springframework/aop/framework/JdkDynamicAopProxy
Event: 5.359 loading class org/springframework/aop/framework/JdkDynamicAopProxy done
Event: 5.360 loading class org/springframework/data/jpa/repository/support/QueryHints
Event: 5.360 loading class org/springframework/data/jpa/repository/support/QueryHints done


Dynamic libraries:
0x00007ff665d40000 - 0x00007ff665d7a000 	C:\Program Files\Eclipse Foundation\jdk-8.0.302.8-hotspot\bin\java.exe
0x00007ffa893d0000 - 0x00007ffa895c8000 	C:\WINDOWS\SYSTEM32\ntdll.dll
0x00007ffa88920000 - 0x00007ffa889dd000 	C:\WINDOWS\System32\KERNEL32.DLL
0x00007ffa86d80000 - 0x00007ffa8704e000 	C:\WINDOWS\System32\KERNELBASE.dll
0x00007ffa889e0000 - 0x00007ffa88a8e000 	C:\WINDOWS\System32\ADVAPI32.dll
0x00007ffa88880000 - 0x00007ffa8891e000 	C:\WINDOWS\System32\msvcrt.dll
0x00007ffa88360000 - 0x00007ffa883fc000 	C:\WINDOWS\System32\sechost.dll
0x00007ffa88460000 - 0x00007ffa88585000 	C:\WINDOWS\System32\RPCRT4.dll
0x00007ffa87430000 - 0x00007ffa875d0000 	C:\WINDOWS\System32\USER32.dll
0x00007ffa87050000 - 0x00007ffa87072000 	C:\WINDOWS\System32\win32u.dll
0x00007ffa88200000 - 0x00007ffa8822a000 	C:\WINDOWS\System32\GDI32.dll
0x00007ffa871e0000 - 0x00007ffa872eb000 	C:\WINDOWS\System32\gdi32full.dll
0x00007ffa86ce0000 - 0x00007ffa86d7d000 	C:\WINDOWS\System32\msvcp_win.dll
0x00007ffa86b20000 - 0x00007ffa86c20000 	C:\WINDOWS\System32\ucrtbase.dll
0x00007ffa6fd30000 - 0x00007ffa6ffca000 	C:\WINDOWS\WinSxS\amd64_microsoft.windows.common-controls_6595b64144ccf1df_6.0.19041.1110_none_60b5254171f9507e\COMCTL32.dll
0x00007ffa88850000 - 0x00007ffa88880000 	C:\WINDOWS\System32\IMM32.DLL
0x00007ffa412c0000 - 0x00007ffa413af000 	C:\Program Files\Eclipse Foundation\jdk-8.0.302.8-hotspot\jre\bin\msvcr120.dll
0x00007ffa41210000 - 0x00007ffa412b6000 	C:\Program Files\Eclipse Foundation\jdk-8.0.302.8-hotspot\jre\bin\msvcp120.dll
0x0000000076490000 - 0x0000000076cfb000 	C:\Program Files\Eclipse Foundation\jdk-8.0.302.8-hotspot\jre\bin\server\jvm.dll
0x00007ffa88130000 - 0x00007ffa88138000 	C:\WINDOWS\System32\PSAPI.DLL
0x00007ffa7a1c0000 - 0x00007ffa7a1e7000 	C:\WINDOWS\SYSTEM32\WINMM.dll
0x00007ffa80970000 - 0x00007ffa80979000 	C:\WINDOWS\SYSTEM32\WSOCK32.dll
0x00007ffa7d0a0000 - 0x00007ffa7d0aa000 	C:\WINDOWS\SYSTEM32\VERSION.dll
0x00007ffa88d60000 - 0x00007ffa88dcb000 	C:\WINDOWS\System32\WS2_32.dll
0x00007ffa84080000 - 0x00007ffa8408f000 	C:\Program Files\Eclipse Foundation\jdk-8.0.302.8-hotspot\jre\bin\verify.dll
0x00007ffa6bc10000 - 0x00007ffa6bc39000 	C:\Program Files\Eclipse Foundation\jdk-8.0.302.8-hotspot\jre\bin\java.dll
0x00007ffa820e0000 - 0x00007ffa820f6000 	C:\Program Files\Eclipse Foundation\jdk-8.0.302.8-hotspot\jre\bin\zip.dll
0x00007ffa875d0000 - 0x00007ffa87d14000 	C:\WINDOWS\System32\SHELL32.dll
0x00007ffa84c10000 - 0x00007ffa853a4000 	C:\WINDOWS\SYSTEM32\windows.storage.dll
0x00007ffa87d20000 - 0x00007ffa88074000 	C:\WINDOWS\System32\combase.dll
0x00007ffa86550000 - 0x00007ffa86580000 	C:\WINDOWS\SYSTEM32\Wldp.dll
0x00007ffa88080000 - 0x00007ffa8812d000 	C:\WINDOWS\System32\SHCORE.dll
0x00007ffa88400000 - 0x00007ffa88455000 	C:\WINDOWS\System32\shlwapi.dll
0x00007ffa86a30000 - 0x00007ffa86a4f000 	C:\WINDOWS\SYSTEM32\profapi.dll
0x00007ffa84070000 - 0x00007ffa8407d000 	C:\Program Files\Eclipse Foundation\jdk-8.0.302.8-hotspot\jre\bin\management.dll
0x00007ffa6bbf0000 - 0x00007ffa6bc0a000 	C:\Program Files\Eclipse Foundation\jdk-8.0.302.8-hotspot\jre\bin\net.dll
0x00007ffa862b0000 - 0x00007ffa8631a000 	C:\WINDOWS\system32\mswsock.dll
0x00007ffa45000000 - 0x00007ffa45017000 	C:\WINDOWS\system32\napinsp.dll
0x00007ffa44fe0000 - 0x00007ffa44ffb000 	C:\WINDOWS\system32\pnrpnsp.dll
0x00007ffa53900000 - 0x00007ffa53915000 	C:\WINDOWS\system32\wshbth.dll
0x00007ffa836b0000 - 0x00007ffa836cd000 	C:\WINDOWS\system32\NLAapi.dll
0x00007ffa85f30000 - 0x00007ffa85f6b000 	C:\WINDOWS\SYSTEM32\IPHLPAPI.DLL
0x00007ffa85f70000 - 0x00007ffa8603a000 	C:\WINDOWS\SYSTEM32\DNSAPI.dll
0x00007ffa881f0000 - 0x00007ffa881f8000 	C:\WINDOWS\System32\NSI.dll
0x00007ffa44fc0000 - 0x00007ffa44fd2000 	C:\WINDOWS\System32\winrnr.dll
0x00007ffa793a0000 - 0x00007ffa793aa000 	C:\Windows\System32\rasadhlp.dll
0x00007ffa78610000 - 0x00007ffa78690000 	C:\WINDOWS\System32\fwpuclnt.dll
0x00007ffa86af0000 - 0x00007ffa86b17000 	C:\WINDOWS\System32\bcrypt.dll
0x00007ffa572e0000 - 0x00007ffa572f2000 	C:\Program Files\Eclipse Foundation\jdk-8.0.302.8-hotspot\jre\bin\nio.dll
0x00007ffa864a0000 - 0x00007ffa864b8000 	C:\WINDOWS\SYSTEM32\CRYPTSP.dll
0x00007ffa85b60000 - 0x00007ffa85b94000 	C:\WINDOWS\system32\rsaenh.dll
0x00007ffa869f0000 - 0x00007ffa86a1e000 	C:\WINDOWS\SYSTEM32\USERENV.dll
0x00007ffa873a0000 - 0x00007ffa87422000 	C:\WINDOWS\System32\bcryptprimitives.dll
0x00007ffa864c0000 - 0x00007ffa864cc000 	C:\WINDOWS\SYSTEM32\CRYPTBASE.dll
0x00007ffa80bc0000 - 0x00007ffa80bd7000 	C:\WINDOWS\SYSTEM32\dhcpcsvc6.DLL
0x00007ffa804a0000 - 0x00007ffa804bd000 	C:\WINDOWS\SYSTEM32\dhcpcsvc.DLL
0x00007ffa565b0000 - 0x00007ffa565d3000 	C:\Program Files\Eclipse Foundation\jdk-8.0.302.8-hotspot\jre\bin\sunec.dll
0x00007ffa81590000 - 0x00007ffa8159c000 	C:\Program Files\Eclipse Foundation\jdk-8.0.302.8-hotspot\jre\bin\sunmscapi.dll
0x00007ffa87080000 - 0x00007ffa871d6000 	C:\WINDOWS\System32\CRYPT32.dll
0x00007ffa865c0000 - 0x00007ffa865e7000 	C:\WINDOWS\SYSTEM32\ncrypt.dll
0x00007ffa86580000 - 0x00007ffa865bb000 	C:\WINDOWS\SYSTEM32\NTASN1.dll

VM Arguments:
java_command: com.michael.exercises.ExercisesApplication
java_class_path (initial): C:\Users\micha\AppData\Local\Temp\cp_416m9l8m2k033w8xbicopqexd.jar
Launcher Type: SUN_STANDARD

Environment Variables:
JAVA_HOME=D:\CODINGANDSCHOOL\SEMESTER6\Java EE\jdk18\openjdk-18.0.2.1_windows-x64_bin\jdk-18.0.2.1
PATH=C:\Program Files\Eclipse Foundation\jdk-8.0.302.8-hotspot\bin;C:\Python39\Scripts\;C:\Python39\;C:\Program Files\Common Files\Oracle\Java\javapath;C:\Program Files (x86)\Razer Chroma SDK\bin;C:\Program Files\Razer Chroma SDK\bin;C:\WINDOWS\system32;C:\WINDOWS;C:\WINDOWS\System32\Wbem;C:\WINDOWS\System32\WindowsPowerShell\v1.0\;C:\WINDOWS\System32\OpenSSH\;C:\Users\micha\AppData\Local\Microsoft\WindowsApps;C:\Program Files\NVIDIA Corporation\NVIDIA NvDLISR;C:\Program Files (x86)\NVIDIA Corporation\PhysX\Common;C:\Program Files\dotnet\;C:\Program Files\Microsoft SQL Server\130\Tools\Binn\;C:\Program Files\Microsoft SQL Server\Client SDK\ODBC\170\Tools\Binn\;C:\Program Files (x86)\Microsoft SQL Server\150\DTS\Binn\;C:\Program Files\Microsoft SQL Server\150\DTS\Binn\;C:\Program Files (x86)\Microsoft SQL Server\150\Tools\Binn\;C:\Program Files\Microsoft SQL Server\150\Tools\Binn\;C:\WINDOWS\system32;C:\WINDOWS;C:\WINDOWS\System32\Wbem;C:\WINDOWS\System32\WindowsPowerShell\v1.0\;C:\WINDOWS\System32\OpenSSH\;C:\ProgramData\chocolatey\bin;D:\Videos\Rendered videos\ffmpeg\ffmpeg\bin;C:\Program Files (x86)\dotnet\;C:\Program Files\Git\cmd;D:\CODINGANDSCHOOL\SEMESTER6\Java EE\jdk18\openjdk-18.0.2.1_windows-x64_bin\jdk-18.0.2.1\bin;D:\Program Files\nodejs\;C:\Users\micha\AppData\Local\Microsoft\WindowsApps;C:\Users\micha\AppData\Local\Programs\Microsoft VS Code\bin;C:\Users\micha\.dotnet\tools;C:\Program Files\heroku\bin;D:\CODINGANDSCHOOL\SEMESTER6\Java EE\jdk18\openjdk-18.0.2.1_windows-x64_bin\jdk-18.0.2.1\bin;C:\Users\micha\AppData\Roaming\npm
USERNAME=michael
OS=Windows_NT
PROCESSOR_IDENTIFIER=Intel64 Family 6 Model 158 Stepping 10, GenuineIntel



---------------  S Y S T E M  ---------------

OS: Windows 10.0 , 64 bit Build 19041 (10.0.19041.1889)

CPU:total 6 (initial active 6) (6 cores per cpu, 1 threads per core) family 6 model 158 stepping 10, cmov, cx8, fxsr, mmx, sse, sse2, sse3, ssse3, sse4.1, sse4.2, popcnt, avx, avx2, aes, clmul, erms, rtm, 3dnowpref, lzcnt, tsc, tscinvbit, bmi1, bmi2, adx

Memory: 4k page, physical 16626060k(4204752k free), swap 47003304k(14232k free)

vm_info: OpenJDK 64-Bit Server VM (25.302-b08) for windows-amd64 JRE (1.8.0_302-b08), built on Jul 20 2021 21:31:03 by "jenkins" with MS VC++ 12.0 (VS2013)

time: Wed Sep 14 21:39:02 2022
timezone: Eastern Daylight Time
elapsed time: 5.405096 seconds (0d 0h 0m 5s)

